<?xml version="1.0" encoding="UTF-8"?>
<testsuite name="AppTest" tests="2" skipped="0" failures="0" errors="0" timestamp="2016-02-08T18:34:39" hostname="epicodus-65.local" time="0.006">
  <properties/>
  <testcase name="isLeetSpeak_forReplaceEWith3_3" classname="AppTest" time="0.002"/>
  <testcase name="isLeetSpeak_forReplaceOWith0_0" classname="AppTest" time="0.0"/>
  <system-out><![CDATA[]]></system-out>
  <system-err><![CDATA[]]></system-err>
</testsuite>
